host: campus-049-217.ucdavis.edu
Building DAG of jobs...
Using shell: /bin/bash
Provided cores: 8
Rules claiming more threads will be scaled down.
Job stats:
job      count
-----  -------
all          1
count        1
total        2

Select jobs to execute...
Execute 1 jobs...

[Wed Nov 13 13:31:58 2024]
localrule count:
    input: exampleText.txt
    output: wordCount.txt
    jobid: 1
    reason: Missing output files: wordCount.txt
    resources: tmpdir=/var/folders/2_/y7r04t4s23b_ctd9p08_fl600000gn/T

[Wed Nov 13 13:31:58 2024]
Finished job 1.
1 of 2 steps (50%) done
Select jobs to execute...
Execute 1 jobs...

[Wed Nov 13 13:31:58 2024]
localrule all:
    input: wordCount.txt
    jobid: 0
    reason: Input files updated by another job: wordCount.txt
    resources: tmpdir=/var/folders/2_/y7r04t4s23b_ctd9p08_fl600000gn/T

[Wed Nov 13 13:31:58 2024]
Finished job 0.
2 of 2 steps (100%) done
Complete log: .snakemake/log/2024-11-13T133158.712376.snakemake.log
